2018-12-03 19:46:42.278  INFO 17548 --- [restartedMain] c.e.spring_demo.SpringDemoApplication    : Starting SpringDemoApplication on DESKTOP-N4CH1A0 with PID 17548 (F:\spring_demo\target\classes started by 73198 in F:\spring_demo)
2018-12-03 19:46:42.284 DEBUG 17548 --- [restartedMain] c.e.spring_demo.SpringDemoApplication    : Running with Spring Boot v2.1.0.RELEASE, Spring v5.1.2.RELEASE
2018-12-03 19:46:42.285  INFO 17548 --- [restartedMain] c.e.spring_demo.SpringDemoApplication    : No active profile set, falling back to default profiles: default
2018-12-03 19:46:43.193  WARN 17548 --- [restartedMain] o.m.s.mapper.ClassPathMapperScanner      : No MyBatis mapper was found in '[com.example.spring_demo.dao]' package. Please check your configuration.
2018-12-03 19:46:48.679  INFO 17548 --- [restartedMain] c.e.spring_demo.SpringDemoApplication    : Started SpringDemoApplication in 7.121 seconds (JVM running for 11.802)
2018-12-03 19:46:55.458 TRACE 17548 --- [http-nio-8080-exec-1] c.e.s.controller.MoviesController        : getMovies()已被调用！
2018-12-03 19:51:04.126 TRACE 17548 --- [http-nio-8080-exec-4] c.e.s.controller.MoviesController        : 接收到文件,文件原名为：timg (2).jpg
2018-12-03 19:55:26.726  INFO 10920 --- [restartedMain] c.e.spring_demo.SpringDemoApplication    : Starting SpringDemoApplication on DESKTOP-N4CH1A0 with PID 10920 (F:\spring_demo\target\classes started by 73198 in F:\spring_demo)
2018-12-03 19:55:26.730 DEBUG 10920 --- [restartedMain] c.e.spring_demo.SpringDemoApplication    : Running with Spring Boot v2.1.0.RELEASE, Spring v5.1.2.RELEASE
2018-12-03 19:55:26.732  INFO 10920 --- [restartedMain] c.e.spring_demo.SpringDemoApplication    : No active profile set, falling back to default profiles: default
2018-12-03 19:55:27.715  WARN 10920 --- [restartedMain] o.m.s.mapper.ClassPathMapperScanner      : No MyBatis mapper was found in '[com.example.spring_demo.dao]' package. Please check your configuration.
2018-12-03 19:55:32.218  INFO 10920 --- [restartedMain] c.e.spring_demo.SpringDemoApplication    : Started SpringDemoApplication in 6.246 seconds (JVM running for 7.719)
2018-12-03 19:57:57.478 TRACE 10920 --- [http-nio-8080-exec-1] c.e.s.controller.MoviesController        : 接收到文件,文件原名为：timg (2).jpg
2018-12-03 19:57:57.517 ERROR 10920 --- [http-nio-8080-exec-1] o.a.c.c.C.[.[.[/].[dispatcherServlet]    : Servlet.service() for servlet [dispatcherServlet] in context with path [] threw exception

java.io.FileNotFoundException: demo_imgs\1551.jpg (系统找不到指定的路径。)
	at java.io.FileOutputStream.open0(Native Method) ~[na:1.8.0_162]
	at java.io.FileOutputStream.open(FileOutputStream.java:270) ~[na:1.8.0_162]
	at java.io.FileOutputStream.<init>(FileOutputStream.java:213) ~[na:1.8.0_162]
	at java.io.FileOutputStream.<init>(FileOutputStream.java:101) ~[na:1.8.0_162]
	at com.example.spring_demo.controller.MoviesController.addPhoto(MoviesController.java:107) ~[classes/:na]
	at sun.reflect.NativeMethodAccessorImpl.invoke0(Native Method) ~[na:1.8.0_162]
	at sun.reflect.NativeMethodAccessorImpl.invoke(NativeMethodAccessorImpl.java:62) ~[na:1.8.0_162]
	at sun.reflect.DelegatingMethodAccessorImpl.invoke(DelegatingMethodAccessorImpl.java:43) ~[na:1.8.0_162]
	at java.lang.reflect.Method.invoke(Method.java:498) ~[na:1.8.0_162]
	at org.springframework.web.method.support.InvocableHandlerMethod.doInvoke(InvocableHandlerMethod.java:215) ~[spring-web-5.1.2.RELEASE.jar:5.1.2.RELEASE]
	at org.springframework.web.method.support.InvocableHandlerMethod.invokeForRequest(InvocableHandlerMethod.java:142) ~[spring-web-5.1.2.RELEASE.jar:5.1.2.RELEASE]
	at org.springframework.web.servlet.mvc.method.annotation.ServletInvocableHandlerMethod.invokeAndHandle(ServletInvocableHandlerMethod.java:102) ~[spring-webmvc-5.1.2.RELEASE.jar:5.1.2.RELEASE]
	at org.springframework.web.servlet.mvc.method.annotation.RequestMappingHandlerAdapter.invokeHandlerMethod(RequestMappingHandlerAdapter.java:895) ~[spring-webmvc-5.1.2.RELEASE.jar:5.1.2.RELEASE]
	at org.springframework.web.servlet.mvc.method.annotation.RequestMappingHandlerAdapter.handleInternal(RequestMappingHandlerAdapter.java:800) ~[spring-webmvc-5.1.2.RELEASE.jar:5.1.2.RELEASE]
	at org.springframework.web.servlet.mvc.method.AbstractHandlerMethodAdapter.handle(AbstractHandlerMethodAdapter.java:87) ~[spring-webmvc-5.1.2.RELEASE.jar:5.1.2.RELEASE]
	at org.springframework.web.servlet.DispatcherServlet.doDispatch(DispatcherServlet.java:1038) ~[spring-webmvc-5.1.2.RELEASE.jar:5.1.2.RELEASE]
	at org.springframework.web.servlet.DispatcherServlet.doService(DispatcherServlet.java:942) ~[spring-webmvc-5.1.2.RELEASE.jar:5.1.2.RELEASE]
	at org.springframework.web.servlet.FrameworkServlet.processRequest(FrameworkServlet.java:998) ~[spring-webmvc-5.1.2.RELEASE.jar:5.1.2.RELEASE]
	at org.springframework.web.servlet.FrameworkServlet.doPost(FrameworkServlet.java:901) ~[spring-webmvc-5.1.2.RELEASE.jar:5.1.2.RELEASE]
	at javax.servlet.http.HttpServlet.service(HttpServlet.java:660) ~[tomcat-embed-core-9.0.12.jar:9.0.12]
	at org.springframework.web.servlet.FrameworkServlet.service(FrameworkServlet.java:875) ~[spring-webmvc-5.1.2.RELEASE.jar:5.1.2.RELEASE]
	at javax.servlet.http.HttpServlet.service(HttpServlet.java:741) ~[tomcat-embed-core-9.0.12.jar:9.0.12]
	at org.apache.catalina.core.ApplicationFilterChain.internalDoFilter(ApplicationFilterChain.java:231) ~[tomcat-embed-core-9.0.12.jar:9.0.12]
	at org.apache.catalina.core.ApplicationFilterChain.doFilter(ApplicationFilterChain.java:166) ~[tomcat-embed-core-9.0.12.jar:9.0.12]
	at org.apache.tomcat.websocket.server.WsFilter.doFilter(WsFilter.java:53) ~[tomcat-embed-websocket-9.0.12.jar:9.0.12]
	at org.apache.catalina.core.ApplicationFilterChain.internalDoFilter(ApplicationFilterChain.java:193) ~[tomcat-embed-core-9.0.12.jar:9.0.12]
	at org.apache.catalina.core.ApplicationFilterChain.doFilter(ApplicationFilterChain.java:166) ~[tomcat-embed-core-9.0.12.jar:9.0.12]
	at org.springframework.web.filter.RequestContextFilter.doFilterInternal(RequestContextFilter.java:99) ~[spring-web-5.1.2.RELEASE.jar:5.1.2.RELEASE]
	at org.springframework.web.filter.OncePerRequestFilter.doFilter(OncePerRequestFilter.java:107) ~[spring-web-5.1.2.RELEASE.jar:5.1.2.RELEASE]
	at org.apache.catalina.core.ApplicationFilterChain.internalDoFilter(ApplicationFilterChain.java:193) ~[tomcat-embed-core-9.0.12.jar:9.0.12]
	at org.apache.catalina.core.ApplicationFilterChain.doFilter(ApplicationFilterChain.java:166) ~[tomcat-embed-core-9.0.12.jar:9.0.12]
	at org.springframework.web.filter.FormContentFilter.doFilterInternal(FormContentFilter.java:92) ~[spring-web-5.1.2.RELEASE.jar:5.1.2.RELEASE]
	at org.springframework.web.filter.OncePerRequestFilter.doFilter(OncePerRequestFilter.java:107) ~[spring-web-5.1.2.RELEASE.jar:5.1.2.RELEASE]
	at org.apache.catalina.core.ApplicationFilterChain.internalDoFilter(ApplicationFilterChain.java:193) ~[tomcat-embed-core-9.0.12.jar:9.0.12]
	at org.apache.catalina.core.ApplicationFilterChain.doFilter(ApplicationFilterChain.java:166) ~[tomcat-embed-core-9.0.12.jar:9.0.12]
	at org.springframework.web.filter.HiddenHttpMethodFilter.doFilterInternal(HiddenHttpMethodFilter.java:93) ~[spring-web-5.1.2.RELEASE.jar:5.1.2.RELEASE]
	at org.springframework.web.filter.OncePerRequestFilter.doFilter(OncePerRequestFilter.java:107) ~[spring-web-5.1.2.RELEASE.jar:5.1.2.RELEASE]
	at org.apache.catalina.core.ApplicationFilterChain.internalDoFilter(ApplicationFilterChain.java:193) ~[tomcat-embed-core-9.0.12.jar:9.0.12]
	at org.apache.catalina.core.ApplicationFilterChain.doFilter(ApplicationFilterChain.java:166) ~[tomcat-embed-core-9.0.12.jar:9.0.12]
	at org.springframework.web.filter.CharacterEncodingFilter.doFilterInternal(CharacterEncodingFilter.java:200) ~[spring-web-5.1.2.RELEASE.jar:5.1.2.RELEASE]
	at org.springframework.web.filter.OncePerRequestFilter.doFilter(OncePerRequestFilter.java:107) ~[spring-web-5.1.2.RELEASE.jar:5.1.2.RELEASE]
	at org.apache.catalina.core.ApplicationFilterChain.internalDoFilter(ApplicationFilterChain.java:193) ~[tomcat-embed-core-9.0.12.jar:9.0.12]
	at org.apache.catalina.core.ApplicationFilterChain.doFilter(ApplicationFilterChain.java:166) ~[tomcat-embed-core-9.0.12.jar:9.0.12]
	at org.apache.catalina.core.StandardWrapperValve.invoke(StandardWrapperValve.java:199) ~[tomcat-embed-core-9.0.12.jar:9.0.12]
	at org.apache.catalina.core.StandardContextValve.invoke(StandardContextValve.java:96) [tomcat-embed-core-9.0.12.jar:9.0.12]
	at org.apache.catalina.authenticator.AuthenticatorBase.invoke(AuthenticatorBase.java:490) [tomcat-embed-core-9.0.12.jar:9.0.12]
	at org.apache.catalina.core.StandardHostValve.invoke(StandardHostValve.java:139) [tomcat-embed-core-9.0.12.jar:9.0.12]
	at org.apache.catalina.valves.ErrorReportValve.invoke(ErrorReportValve.java:92) [tomcat-embed-core-9.0.12.jar:9.0.12]
	at org.apache.catalina.core.StandardEngineValve.invoke(StandardEngineValve.java:74) [tomcat-embed-core-9.0.12.jar:9.0.12]
	at org.apache.catalina.connector.CoyoteAdapter.service(CoyoteAdapter.java:343) [tomcat-embed-core-9.0.12.jar:9.0.12]
	at org.apache.coyote.http11.Http11Processor.service(Http11Processor.java:408) [tomcat-embed-core-9.0.12.jar:9.0.12]
	at org.apache.coyote.AbstractProcessorLight.process(AbstractProcessorLight.java:66) [tomcat-embed-core-9.0.12.jar:9.0.12]
	at org.apache.coyote.AbstractProtocol$ConnectionHandler.process(AbstractProtocol.java:770) [tomcat-embed-core-9.0.12.jar:9.0.12]
	at org.apache.tomcat.util.net.NioEndpoint$SocketProcessor.doRun(NioEndpoint.java:1415) [tomcat-embed-core-9.0.12.jar:9.0.12]
	at org.apache.tomcat.util.net.SocketProcessorBase.run(SocketProcessorBase.java:49) [tomcat-embed-core-9.0.12.jar:9.0.12]
	at java.util.concurrent.ThreadPoolExecutor.runWorker(ThreadPoolExecutor.java:1149) [na:1.8.0_162]
	at java.util.concurrent.ThreadPoolExecutor$Worker.run(ThreadPoolExecutor.java:624) [na:1.8.0_162]
	at org.apache.tomcat.util.threads.TaskThread$WrappingRunnable.run(TaskThread.java:61) [tomcat-embed-core-9.0.12.jar:9.0.12]
	at java.lang.Thread.run(Thread.java:748) [na:1.8.0_162]

2018-12-03 20:00:18.616  INFO 16048 --- [restartedMain] c.e.spring_demo.SpringDemoApplication    : Starting SpringDemoApplication on DESKTOP-N4CH1A0 with PID 16048 (F:\spring_demo\target\classes started by 73198 in F:\spring_demo)
2018-12-03 20:00:18.620 DEBUG 16048 --- [restartedMain] c.e.spring_demo.SpringDemoApplication    : Running with Spring Boot v2.1.0.RELEASE, Spring v5.1.2.RELEASE
2018-12-03 20:00:18.621  INFO 16048 --- [restartedMain] c.e.spring_demo.SpringDemoApplication    : No active profile set, falling back to default profiles: default
2018-12-03 20:00:19.388  WARN 16048 --- [restartedMain] o.m.s.mapper.ClassPathMapperScanner      : No MyBatis mapper was found in '[com.example.spring_demo.dao]' package. Please check your configuration.
2018-12-03 20:00:23.935  INFO 16048 --- [restartedMain] c.e.spring_demo.SpringDemoApplication    : Started SpringDemoApplication in 5.91 seconds (JVM running for 7.469)
2018-12-03 20:00:25.623 TRACE 16048 --- [http-nio-8080-exec-1] c.e.s.controller.MoviesController        : 接收到文件,文件原名为：timg (2).jpg
2018-12-03 20:02:10.634 TRACE 16048 --- [http-nio-8080-exec-3] c.e.s.controller.MoviesController        : 接收到文件,文件原名为：timg (2).jpg
2018-12-03 20:02:39.010 TRACE 16048 --- [http-nio-8080-exec-5] c.e.s.controller.MoviesController        : 接收到文件,文件原名为：e6.ico
2018-12-03 20:03:31.340 TRACE 16048 --- [http-nio-8080-exec-7] c.e.s.controller.MoviesController        : 接收到文件,文件原名为：b16.ico
2018-12-03 22:08:42.153  INFO 16048 --- [restartedMain] c.e.spring_demo.SpringDemoApplication    : Starting SpringDemoApplication on DESKTOP-N4CH1A0 with PID 16048 (F:\spring_demo\target\classes started by 73198 in F:\spring_demo)
2018-12-03 22:08:42.153 DEBUG 16048 --- [restartedMain] c.e.spring_demo.SpringDemoApplication    : Running with Spring Boot v2.1.0.RELEASE, Spring v5.1.2.RELEASE
2018-12-03 22:08:42.154  INFO 16048 --- [restartedMain] c.e.spring_demo.SpringDemoApplication    : No active profile set, falling back to default profiles: default
2018-12-03 22:08:42.419  WARN 16048 --- [restartedMain] o.m.s.mapper.ClassPathMapperScanner      : No MyBatis mapper was found in '[com.example.spring_demo.dao]' package. Please check your configuration.
2018-12-03 22:08:42.885  INFO 16048 --- [restartedMain] c.e.spring_demo.SpringDemoApplication    : Started SpringDemoApplication in 0.761 seconds (JVM running for 7706.419)
2018-12-03 22:08:44.207  INFO 1628 --- [main] c.e.s.SpringDemoApplicationTests         : Starting SpringDemoApplicationTests on DESKTOP-N4CH1A0 with PID 1628 (started by 73198 in F:\spring_demo)
2018-12-03 22:08:44.211 DEBUG 1628 --- [main] c.e.s.SpringDemoApplicationTests         : Running with Spring Boot v2.1.0.RELEASE, Spring v5.1.2.RELEASE
2018-12-03 22:08:44.214  INFO 1628 --- [main] c.e.s.SpringDemoApplicationTests         : No active profile set, falling back to default profiles: default
2018-12-03 22:08:45.077  WARN 1628 --- [main] o.m.s.mapper.ClassPathMapperScanner      : No MyBatis mapper was found in '[com.example.spring_demo.dao]' package. Please check your configuration.
2018-12-03 22:08:49.875  INFO 1628 --- [main] c.e.s.SpringDemoApplicationTests         : Started SpringDemoApplicationTests in 6.123 seconds (JVM running for 6.998)
